<?xml version='1.1' encoding='UTF-8'?>
<result plugin="junit@1312.v1a_235a_b_94a_31">
  <suites>
    <suite>
      <file>/var/jenkins_home/workspace/fastapi/reports/test-results.xml</file>
      <name>pytest</name>
      <duration>5.849</duration>
      <startTime>1757391930729</startTime>
      <properties/>
      <timestamp>2025-09-09T04:25:30.729831</timestamp>
      <time>5.849</time>
      <nodeId>35</nodeId>
      <enclosingBlocks>
        <string>20</string>
      </enclosingBlocks>
      <enclosingBlockNames>
        <string>Install &amp; Test (Python)</string>
      </enclosingBlockNames>
      <cases>
        <case>
          <duration>0.034</duration>
          <startTime>1757391930729</startTime>
          <className>tests.test_main</className>
          <testName>test_root</testName>
          <skipped>false</skipped>
          <keepTestNames>false</keepTestNames>
          <properties/>
          <failedSince>0</failedSince>
        </case>
        <case>
          <duration>0.01</duration>
          <startTime>1757391930763</startTime>
          <className>tests.test_main</className>
          <testName>test_average_success</testName>
          <skipped>false</skipped>
          <keepTestNames>false</keepTestNames>
          <properties/>
          <failedSince>0</failedSince>
        </case>
        <case>
          <duration>0.009</duration>
          <startTime>1757391930773</startTime>
          <className>tests.test_main</className>
          <testName>test_average_empty_list_should_422</testName>
          <skipped>false</skipped>
          <keepTestNames>false</keepTestNames>
          <properties/>
          <failedSince>0</failedSince>
        </case>
        <case>
          <duration>0.01</duration>
          <startTime>1757391930782</startTime>
          <className>tests.test_main</className>
          <testName>test_reverse_string</testName>
          <skipped>false</skipped>
          <keepTestNames>false</keepTestNames>
          <properties/>
          <failedSince>0</failedSince>
        </case>
      </cases>
    </suite>
  </suites>
  <duration>5.849</duration>
  <skipOldReports>false</skipOldReports>
  <startTime>1757391930729</startTime>
  <stdioRetention>NONE</stdioRetention>
  <keepTestNames>false</keepTestNames>
  <keepProperties>false</keepProperties>
</result>