<?xml version='1.1' encoding='UTF-8'?>
<result plugin="junit@1312.v1a_235a_b_94a_31">
  <suites/>
  <duration>0.0</duration>
  <skipOldReports>false</skipOldReports>
  <startTime>-1</startTime>
  <stdioRetention>NONE</stdioRetention>
  <keepTestNames>false</keepTestNames>
  <keepProperties>false</keepProperties>
</result>